<?xml version="1.0" encoding="UTF-8"?>
<!-- Generated by org.testng.reporters.JUnitXMLReporter -->
<testsuite hostname="Shihab" name="regressionTest" tests="3" failures="0" timestamp="25 Feb 2023 19:12:41 GMT" time="44.185" errors="0">
  <testcase name="validUserShouldBeAbleToLogin" time="8.583" classname="test.LoginTest"/>
  <testcase name="userShouldBeAbleToAddCustomer" time="18.066" classname="test.AddCustomerTest"/>
  <testcase name="userShouldBeAbleToAddCustomerFromListCustomer" time="17.518" classname="test.ListCustomerTest"/>
</testsuite> <!-- regressionTest -->
